<?xml version="1.0" encoding="UTF-8" ?>
<testsuite errors="0" skipped="0" tests="1" time="0.36" failures="0" name="org.sonatype.mavenbook.weather.yahoo.YahooParserTest">
  <properties>
    <property value="Java(TM) 2 Runtime Environment, Standard Edition" name="java.runtime.name"/>
    <property value="D:\工作\InstallDir\Java\jdk1.5.0_01\jre\bin" name="sun.boot.library.path"/>
    <property value="1.5.0_01-b08" name="java.vm.version"/>
    <property value="Sun Microsystems Inc." name="java.vm.vendor"/>
    <property value="http://java.sun.com/" name="java.vendor.url"/>
    <property value=";" name="path.separator"/>
    <property value="true" name="guice.disable.misplaced.annotation.check"/>
    <property value="Java HotSpot(TM) Client VM" name="java.vm.name"/>
    <property value="sun.io" name="file.encoding.pkg"/>
    <property value="CN" name="user.country"/>
    <property value="Service Pack 3" name="sun.os.patch.level"/>
    <property value="Java Virtual Machine Specification" name="java.vm.specification.name"/>
    <property value="D:\svn\uims\mvnex-examples" name="user.dir"/>
    <property value="1.5.0_01-b08" name="java.runtime.version"/>
    <property value="sun.awt.Win32GraphicsEnvironment" name="java.awt.graphicsenv"/>
    <property value="D:\工作\InstallDir\Java\jdk1.5.0_01\jre\lib\endorsed" name="java.endorsed.dirs"/>
    <property value="x86" name="os.arch"/>
    <property value="C:\DOCUME~1\may\LOCALS~1\Temp\" name="java.io.tmpdir"/>
    <property value="
" name="line.separator"/>
    <property value="Sun Microsystems Inc." name="java.vm.specification.vendor"/>
    <property value="" name="user.variant"/>
    <property value="Windows XP" name="os.name"/>
    <property value="D:\工作\InstallDir\maven\bin\..\bin\m2.conf" name="classworlds.conf"/>
    <property value="GBK" name="sun.jnu.encoding"/>
    <property value="D:\工作\InstallDir\Java\jdk1.5.0_01\bin;.;C:\WINDOWS\system32;C:\WINDOWS;D:/工作/InstallDir/Java/jdk1.5.0_01/bin/../jre/bin/client;D:/工作/InstallDir/Java/jdk1.5.0_01/bin/../jre/bin;D:/工作/InstallDir/Java/jdk1.5.0_01/bin/../jre/lib/i386;D:\工作\InstallDir\Java\jdk1.5.0_01\bin;C:\WINDOWS\system32;C:\WINDOWS;C:\WINDOWS\System32\Wbem;D:/工作/InstallDir/MySQL/MySQL Server 5.0/\bin;C:\Program Files\VMware\VMware Workstation;D:\工作\InstallDir\maven\bin;C:\Program Files\TortoiseSVN\bin;C:\Program Files\Tesseract-OCR;C:\Program Files\Tesseract-OCR;;D:\工作\InstallDir\eclipse\eclipse;" name="java.library.path"/>
    <property value="Java Platform API Specification" name="java.specification.name"/>
    <property value="49.0" name="java.class.version"/>
    <property value="HotSpot Client Compiler" name="sun.management.compiler"/>
    <property value="5.1" name="os.version"/>
    <property value="C:\Documents and Settings\may" name="user.home"/>
    <property value="Asia/Shanghai" name="user.timezone"/>
    <property value="sun.awt.windows.WPrinterJob" name="java.awt.printerjob"/>
    <property value="GBK" name="file.encoding"/>
    <property value="1.5" name="java.specification.version"/>
    <property value="may" name="user.name"/>
    <property value="D:\工作\InstallDir\maven\bin\..\boot\plexus-classworlds-2.4.jar" name="java.class.path"/>
    <property value="1.0" name="java.vm.specification.version"/>
    <property value="32" name="sun.arch.data.model"/>
    <property value="D:\工作\InstallDir\Java\jdk1.5.0_01\jre" name="java.home"/>
    <property value="Sun Microsystems Inc." name="java.specification.vendor"/>
    <property value="zh" name="user.language"/>
    <property value="sun.awt.windows.WToolkit" name="awt.toolkit"/>
    <property value="mixed mode, sharing" name="java.vm.info"/>
    <property value="1.5.0_01" name="java.version"/>
    <property value="D:\工作\InstallDir\Java\jdk1.5.0_01\jre\lib\ext" name="java.ext.dirs"/>
    <property value="D:\工作\InstallDir\Java\jdk1.5.0_01\jre\lib\rt.jar;D:\工作\InstallDir\Java\jdk1.5.0_01\jre\lib\i18n.jar;D:\工作\InstallDir\Java\jdk1.5.0_01\jre\lib\sunrsasign.jar;D:\工作\InstallDir\Java\jdk1.5.0_01\jre\lib\jsse.jar;D:\工作\InstallDir\Java\jdk1.5.0_01\jre\lib\jce.jar;D:\工作\InstallDir\Java\jdk1.5.0_01\jre\lib\charsets.jar;D:\工作\InstallDir\Java\jdk1.5.0_01\jre\classes" name="sun.boot.class.path"/>
    <property value="Sun Microsystems Inc." name="java.vendor"/>
    <property value="D:\工作\InstallDir\maven\bin\.." name="maven.home"/>
    <property value="\" name="file.separator"/>
    <property value="http://java.sun.com/cgi-bin/bugreport.cgi" name="java.vendor.url.bug"/>
    <property value="little" name="sun.cpu.endian"/>
    <property value="UnicodeLittle" name="sun.io.unicode.encoding"/>
    <property value="windows" name="sun.desktop"/>
    <property value="pentium_pro+mmx pentium_pro pentium+mmx pentium i486 i386 i86" name="sun.cpu.isalist"/>
  </properties>
  <testcase classname="org.sonatype.mavenbook.weather.yahoo.YahooParserTest" time="0.344" name="testParser"/>
</testsuite>